<?xml version="1.0" encoding="UTF-8"?>
<!-- Generated by org.testng.reporters.JUnitReportReporter -->
<testsuite hostname="AlienWare" failures="0" tests="1" name="tests.LoginBusquedaTest" time="3.040" errors="0" timestamp="2025-03-25T17:49:10 CST" skipped="0">
  <testcase classname="tests.LoginBusquedaTest" name="testLoginAndSearchProduct" time="3.040"/>
</testsuite> <!-- tests.LoginBusquedaTest -->
