<?xml version="1.0" encoding="UTF-8"?>
<!-- Generated by org.testng.reporters.JUnitReportReporter -->
<testsuite hostname="AlienWare" failures="0" tests="1" name="tests.LoginBusquedaTest" time="2.968" errors="0" timestamp="2025-03-25T17:12:20 CST" skipped="0">
  <testcase classname="tests.LoginBusquedaTest" name="testLoginAndSearchProduct" time="2.968"/>
</testsuite> <!-- tests.LoginBusquedaTest -->
